<?xml version="1.0" encoding="UTF-8"?>
<!-- Generated by org.testng.reporters.JUnitReportReporter -->
<testsuite hostname="DESKTOP-HD87JMG" failures="0" tests="7" name="Login_Tests" time="40.718" errors="0" timestamp="2025-08-30T14:20:27 EEST" skipped="0">
  <testcase classname="Login_Tests" name="invalidUserName_TC" time="4.336"/>
  <testcase classname="Login_Tests" name="invalidUserName_TC" time="8.356"/>
  <testcase classname="Login_Tests" name="invalidUserName_TC" time="7.728"/>
  <testcase classname="Login_Tests" name="invalidUserName_TC" time="4.804"/>
  <testcase classname="Login_Tests" name="invalidUserName_TC" time="5.708"/>
  <testcase classname="Login_Tests" name="invalidUserName_TC" time="4.895"/>
  <testcase classname="Login_Tests" name="invalidUserName_TC" time="4.891"/>
</testsuite> <!-- Login_Tests -->
