<?xml version="1.0" encoding="UTF-8"?>
<!-- Generated by org.testng.reporters.JUnitReportReporter -->
<testsuite hostname="DESKTOP-HD87JMG" failures="0" tests="3" name="Login_Tests" time="11.873" errors="0" timestamp="2025-08-27T22:39:59 EEST" skipped="0">
  <testcase classname="Login_Tests" name="invalidPassword_TC1" time="3.355"/>
  <testcase classname="Login_Tests" name="Valid_TC" time="5.033"/>
  <testcase classname="Login_Tests" name="invalidUserName_TC1" time="3.485"/>
</testsuite> <!-- Login_Tests -->
