<?xml version="1.0" encoding="UTF-8"?>
<!-- Generated by org.testng.reporters.JUnitReportReporter -->
<testsuite hostname="DESKTOP-HD87JMG" failures="0" tests="2" name="suite1.GroupA1Test" time="0.003" errors="0" timestamp="2025-08-27T23:23:10 EEST" skipped="0">
  <testcase classname="suite1.GroupA1Test" name="testA2" time="0.000"/>
  <testcase classname="suite1.GroupA1Test" name="testA1" time="0.003"/>
</testsuite> <!-- suite1.GroupA1Test -->
