<?xml version="1.0" encoding="UTF-8"?>
<!-- Generated by org.testng.reporters.JUnitReportReporter -->
<testsuite hostname="DESKTOP-HD87JMG" failures="0" tests="1" name="suite1.GroupB1Test" time="0.000" errors="0" timestamp="2025-08-27T23:10:34 EEST" skipped="0">
  <testcase classname="suite1.GroupB1Test" name="testB1" time="0.000"/>
</testsuite> <!-- suite1.GroupB1Test -->
