<?xml version="1.0" encoding="UTF-8"?>
<!-- Generated by org.testng.reporters.JUnitReportReporter -->
<testsuite hostname="DESKTOP-HD87JMG" failures="0" tests="2" name="suite2.GroupB2Test" time="0.001" errors="0" timestamp="2025-08-27T23:23:10 EEST" skipped="0">
  <testcase classname="suite2.GroupB2Test" name="testB2" time="0.000"/>
  <testcase classname="suite2.GroupB2Test" name="testB3" time="0.001"/>
</testsuite> <!-- suite2.GroupB2Test -->
