<?xml version="1.0" encoding="UTF-8"?>
<!-- Generated by org.testng.reporters.JUnitReportReporter -->
<testsuite hostname="DESKTOP-HD87JMG" failures="0" tests="2" name="Test1" time="0.003" errors="0" timestamp="2025-08-22T05:55:28 EEST" skipped="0">
  <testcase classname="Test1" name="test1" time="0.001"/>
  <testcase classname="Test1" name="test2" time="0.002"/>
</testsuite> <!-- Test1 -->
