<?xml version="1.0" encoding="UTF-8"?>
<testsuite xmlns:xsi="http://www.w3.org/2001/XMLSchema-instance" xsi:noNamespaceSchemaLocation="https://maven.apache.org/surefire/maven-surefire-plugin/xsd/surefire-test-report-3.0.xsd" version="3.0" name="TestSuite" time="12.031" tests="1" errors="0" skipped="0" failures="0">
  <properties>
    <property name="java.specification.version" value="24"/>
    <property name="sun.cpu.isalist" value="amd64"/>
    <property name="sun.jnu.encoding" value="Cp1252"/>
    <property name="java.class.path" value="D:\Courses &amp; Trainings\Software Testing Diploma\Projects\Ex1\target\test-classes;D:\Courses &amp; Trainings\Software Testing Diploma\Projects\Ex1\target\classes;C:\Users\mahmoud eldawakhly\.m2\repository\org\seleniumhq\selenium\selenium-java\4.34.0\selenium-java-4.34.0.jar;C:\Users\mahmoud eldawakhly\.m2\repository\org\seleniumhq\selenium\selenium-api\4.34.0\selenium-api-4.34.0.jar;C:\Users\mahmoud eldawakhly\.m2\repository\org\jspecify\jspecify\1.0.0\jspecify-1.0.0.jar;C:\Users\mahmoud eldawakhly\.m2\repository\org\seleniumhq\selenium\selenium-chrome-driver\4.34.0\selenium-chrome-driver-4.34.0.jar;C:\Users\mahmoud eldawakhly\.m2\repository\com\google\auto\service\auto-service-annotations\1.1.1\auto-service-annotations-1.1.1.jar;C:\Users\mahmoud eldawakhly\.m2\repository\org\seleniumhq\selenium\selenium-chromium-driver\4.34.0\selenium-chromium-driver-4.34.0.jar;C:\Users\mahmoud eldawakhly\.m2\repository\org\seleniumhq\selenium\selenium-json\4.34.0\selenium-json-4.34.0.jar;C:\Users\mahmoud eldawakhly\.m2\repository\org\seleniumhq\selenium\selenium-manager\4.34.0\selenium-manager-4.34.0.jar;C:\Users\mahmoud eldawakhly\.m2\repository\org\seleniumhq\selenium\selenium-devtools-v136\4.34.0\selenium-devtools-v136-4.34.0.jar;C:\Users\mahmoud eldawakhly\.m2\repository\org\seleniumhq\selenium\selenium-devtools-v137\4.34.0\selenium-devtools-v137-4.34.0.jar;C:\Users\mahmoud eldawakhly\.m2\repository\org\seleniumhq\selenium\selenium-devtools-v138\4.34.0\selenium-devtools-v138-4.34.0.jar;C:\Users\mahmoud eldawakhly\.m2\repository\org\seleniumhq\selenium\selenium-edge-driver\4.34.0\selenium-edge-driver-4.34.0.jar;C:\Users\mahmoud eldawakhly\.m2\repository\org\seleniumhq\selenium\selenium-firefox-driver\4.34.0\selenium-firefox-driver-4.34.0.jar;C:\Users\mahmoud eldawakhly\.m2\repository\org\seleniumhq\selenium\selenium-http\4.34.0\selenium-http-4.34.0.jar;C:\Users\mahmoud eldawakhly\.m2\repository\org\seleniumhq\selenium\selenium-ie-driver\4.34.0\selenium-ie-driver-4.34.0.jar;C:\Users\mahmoud eldawakhly\.m2\repository\org\seleniumhq\selenium\selenium-remote-driver\4.34.0\selenium-remote-driver-4.34.0.jar;C:\Users\mahmoud eldawakhly\.m2\repository\com\google\guava\guava\33.4.8-jre\guava-33.4.8-jre.jar;C:\Users\mahmoud eldawakhly\.m2\repository\com\google\guava\failureaccess\1.0.3\failureaccess-1.0.3.jar;C:\Users\mahmoud eldawakhly\.m2\repository\com\google\guava\listenablefuture\9999.0-empty-to-avoid-conflict-with-guava\listenablefuture-9999.0-empty-to-avoid-conflict-with-guava.jar;C:\Users\mahmoud eldawakhly\.m2\repository\com\google\errorprone\error_prone_annotations\2.36.0\error_prone_annotations-2.36.0.jar;C:\Users\mahmoud eldawakhly\.m2\repository\com\google\j2objc\j2objc-annotations\3.0.0\j2objc-annotations-3.0.0.jar;C:\Users\mahmoud eldawakhly\.m2\repository\io\opentelemetry\opentelemetry-api\1.51.0\opentelemetry-api-1.51.0.jar;C:\Users\mahmoud eldawakhly\.m2\repository\io\opentelemetry\opentelemetry-context\1.51.0\opentelemetry-context-1.51.0.jar;C:\Users\mahmoud eldawakhly\.m2\repository\io\opentelemetry\opentelemetry-exporter-logging\1.51.0\opentelemetry-exporter-logging-1.51.0.jar;C:\Users\mahmoud eldawakhly\.m2\repository\io\opentelemetry\opentelemetry-sdk-common\1.51.0\opentelemetry-sdk-common-1.51.0.jar;C:\Users\mahmoud eldawakhly\.m2\repository\io\opentelemetry\opentelemetry-sdk-extension-autoconfigure-spi\1.51.0\opentelemetry-sdk-extension-autoconfigure-spi-1.51.0.jar;C:\Users\mahmoud eldawakhly\.m2\repository\io\opentelemetry\opentelemetry-sdk-extension-autoconfigure\1.51.0\opentelemetry-sdk-extension-autoconfigure-1.51.0.jar;C:\Users\mahmoud eldawakhly\.m2\repository\io\opentelemetry\opentelemetry-sdk-trace\1.51.0\opentelemetry-sdk-trace-1.51.0.jar;C:\Users\mahmoud eldawakhly\.m2\repository\io\opentelemetry\opentelemetry-sdk\1.51.0\opentelemetry-sdk-1.51.0.jar;C:\Users\mahmoud eldawakhly\.m2\repository\io\opentelemetry\opentelemetry-sdk-metrics\1.51.0\opentelemetry-sdk-metrics-1.51.0.jar;C:\Users\mahmoud eldawakhly\.m2\repository\io\opentelemetry\opentelemetry-sdk-logs\1.51.0\opentelemetry-sdk-logs-1.51.0.jar;C:\Users\mahmoud eldawakhly\.m2\repository\net\bytebuddy\byte-buddy\1.17.6\byte-buddy-1.17.6.jar;C:\Users\mahmoud eldawakhly\.m2\repository\org\seleniumhq\selenium\selenium-os\4.34.0\selenium-os-4.34.0.jar;C:\Users\mahmoud eldawakhly\.m2\repository\org\apache\commons\commons-exec\1.5.0\commons-exec-1.5.0.jar;C:\Users\mahmoud eldawakhly\.m2\repository\org\seleniumhq\selenium\selenium-safari-driver\4.34.0\selenium-safari-driver-4.34.0.jar;C:\Users\mahmoud eldawakhly\.m2\repository\org\seleniumhq\selenium\selenium-support\4.34.0\selenium-support-4.34.0.jar;C:\Users\mahmoud eldawakhly\.m2\repository\org\testng\testng\7.11.0\testng-7.11.0.jar;C:\Users\mahmoud eldawakhly\.m2\repository\org\slf4j\slf4j-api\2.0.16\slf4j-api-2.0.16.jar;C:\Users\mahmoud eldawakhly\.m2\repository\org\jcommander\jcommander\1.83\jcommander-1.83.jar;C:\Users\mahmoud eldawakhly\.m2\repository\org\webjars\jquery\3.7.1\jquery-3.7.1.jar;"/>
    <property name="java.vm.vendor" value="Azul Systems, Inc."/>
    <property name="sun.arch.data.model" value="64"/>
    <property name="user.variant" value=""/>
    <property name="java.vendor.url" value="http://www.azul.com/"/>
    <property name="user.timezone" value="Africa/Cairo"/>
    <property name="user.country.format" value="AS"/>
    <property name="os.name" value="Windows 11"/>
    <property name="java.vm.specification.version" value="24"/>
    <property name="user.country" value="US"/>
    <property name="sun.java.launcher" value="SUN_STANDARD"/>
    <property name="sun.boot.library.path" value="D:\Downloads\Apache NetBeans\jdk\bin"/>
    <property name="sun.java.command" value="C:\Users\mahmoud eldawakhly\AppData\Local\Temp\surefire5344403515731419531\surefirebooter-20250914222328939_3.jar C:\Users\mahmoud eldawakhly\AppData\Local\Temp\surefire5344403515731419531 2025-09-14T22-23-28_834-jvmRun1 surefire-20250914222328939_1tmp surefire_0-20250914222328939_2tmp"/>
    <property name="jdk.debug" value="release"/>
    <property name="surefire.test.class.path" value="D:\Courses &amp; Trainings\Software Testing Diploma\Projects\Ex1\target\test-classes;D:\Courses &amp; Trainings\Software Testing Diploma\Projects\Ex1\target\classes;C:\Users\mahmoud eldawakhly\.m2\repository\org\seleniumhq\selenium\selenium-java\4.34.0\selenium-java-4.34.0.jar;C:\Users\mahmoud eldawakhly\.m2\repository\org\seleniumhq\selenium\selenium-api\4.34.0\selenium-api-4.34.0.jar;C:\Users\mahmoud eldawakhly\.m2\repository\org\jspecify\jspecify\1.0.0\jspecify-1.0.0.jar;C:\Users\mahmoud eldawakhly\.m2\repository\org\seleniumhq\selenium\selenium-chrome-driver\4.34.0\selenium-chrome-driver-4.34.0.jar;C:\Users\mahmoud eldawakhly\.m2\repository\com\google\auto\service\auto-service-annotations\1.1.1\auto-service-annotations-1.1.1.jar;C:\Users\mahmoud eldawakhly\.m2\repository\org\seleniumhq\selenium\selenium-chromium-driver\4.34.0\selenium-chromium-driver-4.34.0.jar;C:\Users\mahmoud eldawakhly\.m2\repository\org\seleniumhq\selenium\selenium-json\4.34.0\selenium-json-4.34.0.jar;C:\Users\mahmoud eldawakhly\.m2\repository\org\seleniumhq\selenium\selenium-manager\4.34.0\selenium-manager-4.34.0.jar;C:\Users\mahmoud eldawakhly\.m2\repository\org\seleniumhq\selenium\selenium-devtools-v136\4.34.0\selenium-devtools-v136-4.34.0.jar;C:\Users\mahmoud eldawakhly\.m2\repository\org\seleniumhq\selenium\selenium-devtools-v137\4.34.0\selenium-devtools-v137-4.34.0.jar;C:\Users\mahmoud eldawakhly\.m2\repository\org\seleniumhq\selenium\selenium-devtools-v138\4.34.0\selenium-devtools-v138-4.34.0.jar;C:\Users\mahmoud eldawakhly\.m2\repository\org\seleniumhq\selenium\selenium-edge-driver\4.34.0\selenium-edge-driver-4.34.0.jar;C:\Users\mahmoud eldawakhly\.m2\repository\org\seleniumhq\selenium\selenium-firefox-driver\4.34.0\selenium-firefox-driver-4.34.0.jar;C:\Users\mahmoud eldawakhly\.m2\repository\org\seleniumhq\selenium\selenium-http\4.34.0\selenium-http-4.34.0.jar;C:\Users\mahmoud eldawakhly\.m2\repository\org\seleniumhq\selenium\selenium-ie-driver\4.34.0\selenium-ie-driver-4.34.0.jar;C:\Users\mahmoud eldawakhly\.m2\repository\org\seleniumhq\selenium\selenium-remote-driver\4.34.0\selenium-remote-driver-4.34.0.jar;C:\Users\mahmoud eldawakhly\.m2\repository\com\google\guava\guava\33.4.8-jre\guava-33.4.8-jre.jar;C:\Users\mahmoud eldawakhly\.m2\repository\com\google\guava\failureaccess\1.0.3\failureaccess-1.0.3.jar;C:\Users\mahmoud eldawakhly\.m2\repository\com\google\guava\listenablefuture\9999.0-empty-to-avoid-conflict-with-guava\listenablefuture-9999.0-empty-to-avoid-conflict-with-guava.jar;C:\Users\mahmoud eldawakhly\.m2\repository\com\google\errorprone\error_prone_annotations\2.36.0\error_prone_annotations-2.36.0.jar;C:\Users\mahmoud eldawakhly\.m2\repository\com\google\j2objc\j2objc-annotations\3.0.0\j2objc-annotations-3.0.0.jar;C:\Users\mahmoud eldawakhly\.m2\repository\io\opentelemetry\opentelemetry-api\1.51.0\opentelemetry-api-1.51.0.jar;C:\Users\mahmoud eldawakhly\.m2\repository\io\opentelemetry\opentelemetry-context\1.51.0\opentelemetry-context-1.51.0.jar;C:\Users\mahmoud eldawakhly\.m2\repository\io\opentelemetry\opentelemetry-exporter-logging\1.51.0\opentelemetry-exporter-logging-1.51.0.jar;C:\Users\mahmoud eldawakhly\.m2\repository\io\opentelemetry\opentelemetry-sdk-common\1.51.0\opentelemetry-sdk-common-1.51.0.jar;C:\Users\mahmoud eldawakhly\.m2\repository\io\opentelemetry\opentelemetry-sdk-extension-autoconfigure-spi\1.51.0\opentelemetry-sdk-extension-autoconfigure-spi-1.51.0.jar;C:\Users\mahmoud eldawakhly\.m2\repository\io\opentelemetry\opentelemetry-sdk-extension-autoconfigure\1.51.0\opentelemetry-sdk-extension-autoconfigure-1.51.0.jar;C:\Users\mahmoud eldawakhly\.m2\repository\io\opentelemetry\opentelemetry-sdk-trace\1.51.0\opentelemetry-sdk-trace-1.51.0.jar;C:\Users\mahmoud eldawakhly\.m2\repository\io\opentelemetry\opentelemetry-sdk\1.51.0\opentelemetry-sdk-1.51.0.jar;C:\Users\mahmoud eldawakhly\.m2\repository\io\opentelemetry\opentelemetry-sdk-metrics\1.51.0\opentelemetry-sdk-metrics-1.51.0.jar;C:\Users\mahmoud eldawakhly\.m2\repository\io\opentelemetry\opentelemetry-sdk-logs\1.51.0\opentelemetry-sdk-logs-1.51.0.jar;C:\Users\mahmoud eldawakhly\.m2\repository\net\bytebuddy\byte-buddy\1.17.6\byte-buddy-1.17.6.jar;C:\Users\mahmoud eldawakhly\.m2\repository\org\seleniumhq\selenium\selenium-os\4.34.0\selenium-os-4.34.0.jar;C:\Users\mahmoud eldawakhly\.m2\repository\org\apache\commons\commons-exec\1.5.0\commons-exec-1.5.0.jar;C:\Users\mahmoud eldawakhly\.m2\repository\org\seleniumhq\selenium\selenium-safari-driver\4.34.0\selenium-safari-driver-4.34.0.jar;C:\Users\mahmoud eldawakhly\.m2\repository\org\seleniumhq\selenium\selenium-support\4.34.0\selenium-support-4.34.0.jar;C:\Users\mahmoud eldawakhly\.m2\repository\org\testng\testng\7.11.0\testng-7.11.0.jar;C:\Users\mahmoud eldawakhly\.m2\repository\org\slf4j\slf4j-api\2.0.16\slf4j-api-2.0.16.jar;C:\Users\mahmoud eldawakhly\.m2\repository\org\jcommander\jcommander\1.83\jcommander-1.83.jar;C:\Users\mahmoud eldawakhly\.m2\repository\org\webjars\jquery\3.7.1\jquery-3.7.1.jar;"/>
    <property name="sun.cpu.endian" value="little"/>
    <property name="user.home" value="C:\Users\mahmoud eldawakhly"/>
    <property name="user.language" value="en"/>
    <property name="java.specification.vendor" value="Oracle Corporation"/>
    <property name="java.version.date" value="2025-04-15"/>
    <property name="java.home" value="D:\Downloads\Apache NetBeans\jdk"/>
    <property name="file.separator" value="\"/>
    <property name="basedir" value="D:\Courses &amp; Trainings\Software Testing Diploma\Projects\Ex1"/>
    <property name="java.vm.compressedOopsMode" value="Zero based"/>
    <property name="line.separator" value="&#10;"/>
    <property name="java.vm.specification.vendor" value="Oracle Corporation"/>
    <property name="java.specification.name" value="Java Platform API Specification"/>
    <property name="surefire.real.class.path" value="C:\Users\mahmoud eldawakhly\AppData\Local\Temp\surefire5344403515731419531\surefirebooter-20250914222328939_3.jar"/>
    <property name="user.script" value=""/>
    <property name="sun.management.compiler" value="HotSpot 64-Bit Tiered Compilers"/>
    <property name="java.runtime.version" value="24.0.1+9"/>
    <property name="user.name" value="mahmoud eldawakhly"/>
    <property name="stdout.encoding" value="Cp1252"/>
    <property name="path.separator" value=";"/>
    <property name="os.version" value="10.0"/>
    <property name="java.runtime.name" value="OpenJDK Runtime Environment"/>
    <property name="file.encoding" value="UTF-8"/>
    <property name="java.vm.name" value="OpenJDK 64-Bit Server VM"/>
    <property name="java.vendor.version" value="Zulu24.30+11-CA"/>
    <property name="maven.ext.class.path" value="D:\Downloads\Apache NetBeans\java\maven-nblib\netbeans-eventspy.jar"/>
    <property name="localRepository" value="C:\Users\mahmoud eldawakhly\.m2\repository"/>
    <property name="java.vendor.url.bug" value="http://www.azul.com/support/"/>
    <property name="java.io.tmpdir" value="C:\Users\MAHMOU~1\AppData\Local\Temp\"/>
    <property name="java.version" value="24.0.1"/>
    <property name="user.dir" value="D:\Courses &amp; Trainings\Software Testing Diploma\Projects\Ex1"/>
    <property name="os.arch" value="amd64"/>
    <property name="java.vm.specification.name" value="Java Virtual Machine Specification"/>
    <property name="sun.os.patch.level" value=""/>
    <property name="native.encoding" value="Cp1252"/>
    <property name="java.library.path" value="D:\Downloads\Apache NetBeans\jdk\bin;C:\WINDOWS\Sun\Java\bin;C:\WINDOWS\system32;C:\WINDOWS;C:\Program Files\Common Files\Siemens\Automation\Simatic OAM\bin;C:\WinAVR-20100110\bin;C:\WinAVR-20100110\utils\bin;C:\Program Files (x86)\Common Files\Oracle\Java\java8path;C:\Program Files (x86)\Common Files\Oracle\Java\javapath;C:\Windows\system32;C:\Windows;C:\Windows\System32\Wbem;C:\Windows\System32\WindowsPowerShell\v1.0\;C:\Windows\System32\OpenSSH\;C:\Program Files (x86)\NVIDIA Corporation\PhysX\Common;C:\Program Files\NVIDIA Corporation\NVIDIA NvDLISR;C:\WINDOWS\system32;C:\WINDOWS;C:\WINDOWS\System32\Wbem;C:\WINDOWS\System32\WindowsPowerShell\v1.0\;C:\WINDOWS\System32\OpenSSH\;C:\Program Files\dotnet\;C:\MinGW\bin;C:\Program Files\PuTTY\;C:\Program Files\MATLAB\R2024a\runtime\win64;C:\Program Files\MATLAB\R2024a\bin;C:\Program Files (x86)\Git\cmd;C:\Program Files\Microsoft SQL Server\Client SDK\ODBC\170\Tools\Binn\;C:\Program Files (x86)\Microsoft SQL Server\150\Tools\Binn\;C:\Program Files\Microsoft SQL Server\150\Tools\Binn\;C:\Program Files\Microsoft SQL Server\150\DTS\Binn\;C:\Program Files (x86)\Windows Kits\8.1\Windows Performance Toolkit\;C:\ARM_TOOLCHAIN\bin;C:\cygwin64\bin;C:\Program Files\usbipd-win\;C:\Program Files\usbipd-win\;C:\Program Files (x86)\Windows Kits\10\Windows Performance Toolkit\;C:\Program Files\Common Files\Autodesk Shared\Advance\;C:\Program Files (x86)\Common Files\Autodesk Shared\Advance\;C:\Users\mahmoud eldawakhly\AppData\Local\Programs\Python\Python313\Scripts\;C:\Users\mahmoud eldawakhly\AppData\Local\Programs\Python\Python313\;C:\Users\mahmoud eldawakhly\AppData\Local\Programs\Python\Launcher\;C:\Program Files (x86)\GNU Arm Embedded Toolchain\10 2021.10\bin;C:\Users\mahmoud eldawakhly\AppData\Local\Microsoft\WindowsApps;C:\Users\mahmoud eldawakhly\Downloads\Microsoft VS Code\bin;C:\Users\mahmoud eldawakhly\AppData\Local\GitHubDesktop\bin;C:\MinGW\binC:\MinGW\bin;;."/>
    <property name="java.vm.info" value="mixed mode, sharing"/>
    <property name="stderr.encoding" value="Cp1252"/>
    <property name="java.vendor" value="Azul Systems, Inc."/>
    <property name="java.vm.version" value="24.0.1+9"/>
    <property name="sun.io.unicode.encoding" value="UnicodeLittle"/>
    <property name="java.class.version" value="68.0"/>
  </properties>
  <testcase name="testVerifyScrollUpUsingArrowAndScrollDown" classname="testCases.VerifyScrollUpWithArrowTest" time="10.524">
    <system-out><![CDATA[Browser Initialized.
Set Implicit Wait to 15 seconds.
Navigated to URL: http://automationexercise.com
Explicit wait for presence of By.cssSelector: a[href='/products']
Scrolled to element By.xpath: //footer//h2[contains(translate(.,'abcdefghijklmnopqrstuvwxyz','ABCDEFGHIJKLMNOPQRSTUVWXYZ'),'SUBSCRIPTION')] using Actions.scrollToElement().
Explicit wait for presence of By.xpath: //footer//h2[contains(translate(.,'abcdefghijklmnopqrstuvwxyz','ABCDEFGHIJKLMNOPQRSTUVWXYZ'),'SUBSCRIPTION')]
Got text from element By.xpath: //footer//h2[contains(translate(.,'abcdefghijklmnopqrstuvwxyz','ABCDEFGHIJKLMNOPQRSTUVWXYZ'),'SUBSCRIPTION')]: SUBSCRIPTION
Explicit wait for presence of By.cssSelector: #scrollUp
Clicked element By.cssSelector: #scrollUp
Explicit wait for presence of By.xpath: //*[contains(translate(.,'abcdefghijklmnopqrstuvwxyz','ABCDEFGHIJKLMNOPQRSTUVWXYZ'),'FULL-FLEDGED PRACTICE WEBSITE FOR AUTOMATION ENGINEERS')]
Got text from element By.xpath: //*[contains(translate(.,'abcdefghijklmnopqrstuvwxyz','ABCDEFGHIJKLMNOPQRSTUVWXYZ'),'FULL-FLEDGED PRACTICE WEBSITE FOR AUTOMATION ENGINEERS')]: Home
 Products
Cart
Signup / Login
Test Cases
API Testing
Video Tutorials
Contact us
AutomationExercise
Full-Fledged practice website for Automation Engineers
All QA engineers can use this website for automation practice and API testing either they are at beginner or advance level. This is for everybody to help them brush up their automation skills.
Test Cases APIs list for practice
CATEGORY
WOMEN
MEN
KIDS
BRANDS
(6)
POLO
(5)
H&M
(5)
MADAME
(3)
MAST & HARBOUR
(4)
BABYHUG
(3)
ALLEN SOLLY JUNIOR
(3)
KOOKIE KIDS
(5)
BIBA
FEATURES ITEMS
Rs. 500
Blue Top
Add to cart
View Product
Rs. 400
Men Tshirt
Add to cart
View Product
Rs. 1000
Sleeveless Dress
Add to cart
View Product
Rs. 1500
Stylish Dress
Add to cart
View Product
Rs. 600
Winter Top
Add to cart
View Product
Rs. 400
Summer White Top
Add to cart
View Product
Rs. 1000
Madame Top For Women
Add to cart
View Product
Rs. 700
Fancy Green Top
Add to cart
View Product
Rs. 499
Sleeves Printed Top - White
Add to cart
View Product
Rs. 359
Half Sleeves Top Schiffli Detailing - Pink
Add to cart
View Product
Rs. 278
Frozen Tops For Kids
Add to cart
View Product
Rs. 679
Full Sleeves Top Cherry - Pink
Add to cart
View Product
Rs. 315
Printed Off Shoulder Top - White
Add to cart
View Product
Rs. 478
Sleeves Top and Short - Blue & Pink
Add to cart
View Product
Rs. 1200
Little Girls Mr. Panda Shirt
Add to cart
View Product
Rs. 1050
Sleeveless Unicorn Patch Gown - Pink
Add to cart
View Product
Rs. 1190
Cotton Mull Embroidered Dress
Add to cart
View Product
Rs. 1530
Blue Cotton Indie Mickey Dress
Add to cart
View Product
Rs. 1600
Long Maxi Tulle Fancy Dress Up Outfits -Pink
Add to cart
View Product
Rs. 1100
Sleeveless Unicorn Print Fit & Flare Net Dress - Multi
Add to cart
View Product
Rs. 849
Colour Blocked Shirt – Sky Blue
Add to cart
View Product
Rs. 1299
Pure Cotton V-Neck T-Shirt
Add to cart
View Product
Rs. 1000
Green Side Placket Detail T-Shirt
Add to cart
View Product
Rs. 1500
Premium Polo T-Shirts
Add to cart
View Product
Rs. 850
Pure Cotton Neon Green Tshirt
Add to cart
View Product
Rs. 799
Soft Stretch Jeans
Add to cart
View Product
Rs. 1200
Regular Fit Straight Jeans
Add to cart
View Product
Rs. 1400
Grunt Blue Slim Fit Jeans
Add to cart
View Product
Rs. 2300
Rose Pink Embroidered Maxi Dress
Add to cart
View Product
Rs. 3000
Cotton Silk Hand Block Print Saree
Add to cart
View Product
Rs. 3500
Rust Red Linen Saree
Add to cart
View Product
Rs. 5000
Beautiful Peacock Blue Cotton Linen Saree
Add to cart
View Product
Rs. 1400
Lace Top For Women
Add to cart
View Product
Rs. 1389
GRAPHIC DESIGN MEN T SHIRT - BLUE
Add to cart
View Product
RECOMMENDED ITEMS
Rs. 1500
Stylish Dress
Add to cart
Rs. 600
Winter Top
Add to cart
Rs. 400
Summer White Top
Add to cart
SUBSCRIPTION
Get the most recent updates from
our site and be updated your self...
Copyright © 2021 All rights reserved
]]></system-out>
    <system-err><![CDATA[SLF4J(W): No SLF4J providers were found.
SLF4J(W): Defaulting to no-operation (NOP) logger implementation
SLF4J(W): See https://www.slf4j.org/codes.html#noProviders for further details.
Sep 14, 2025 10:23:30 PM org.openqa.selenium.devtools.CdpVersionFinder findNearestMatch
WARNING: Unable to find an exact match for CDP version 140, returning the closest version; found: 138; Please update to a Selenium version that supports CDP version 140
]]></system-err>
  </testcase>
</testsuite>