<?xml version="1.0" encoding="UTF-8"?>
<testsuite xmlns:xsi="http://www.w3.org/2001/XMLSchema-instance" xsi:noNamespaceSchemaLocation="https://maven.apache.org/surefire/maven-surefire-plugin/xsd/surefire-test-report-3.0.xsd" version="3.0" name="TestSuite" time="35.707" tests="1" errors="0" skipped="0" failures="0">
  <properties>
    <property name="java.specification.version" value="24"/>
    <property name="sun.cpu.isalist" value="amd64"/>
    <property name="sun.jnu.encoding" value="Cp1252"/>
    <property name="java.class.path" value="D:\Courses &amp; Trainings\Software Testing Diploma\Projects\Ex1\target\test-classes;D:\Courses &amp; Trainings\Software Testing Diploma\Projects\Ex1\target\classes;C:\Users\mahmoud eldawakhly\.m2\repository\org\seleniumhq\selenium\selenium-java\4.34.0\selenium-java-4.34.0.jar;C:\Users\mahmoud eldawakhly\.m2\repository\org\seleniumhq\selenium\selenium-api\4.34.0\selenium-api-4.34.0.jar;C:\Users\mahmoud eldawakhly\.m2\repository\org\jspecify\jspecify\1.0.0\jspecify-1.0.0.jar;C:\Users\mahmoud eldawakhly\.m2\repository\org\seleniumhq\selenium\selenium-chrome-driver\4.34.0\selenium-chrome-driver-4.34.0.jar;C:\Users\mahmoud eldawakhly\.m2\repository\com\google\auto\service\auto-service-annotations\1.1.1\auto-service-annotations-1.1.1.jar;C:\Users\mahmoud eldawakhly\.m2\repository\org\seleniumhq\selenium\selenium-chromium-driver\4.34.0\selenium-chromium-driver-4.34.0.jar;C:\Users\mahmoud eldawakhly\.m2\repository\org\seleniumhq\selenium\selenium-json\4.34.0\selenium-json-4.34.0.jar;C:\Users\mahmoud eldawakhly\.m2\repository\org\seleniumhq\selenium\selenium-manager\4.34.0\selenium-manager-4.34.0.jar;C:\Users\mahmoud eldawakhly\.m2\repository\org\seleniumhq\selenium\selenium-devtools-v136\4.34.0\selenium-devtools-v136-4.34.0.jar;C:\Users\mahmoud eldawakhly\.m2\repository\org\seleniumhq\selenium\selenium-devtools-v137\4.34.0\selenium-devtools-v137-4.34.0.jar;C:\Users\mahmoud eldawakhly\.m2\repository\org\seleniumhq\selenium\selenium-devtools-v138\4.34.0\selenium-devtools-v138-4.34.0.jar;C:\Users\mahmoud eldawakhly\.m2\repository\org\seleniumhq\selenium\selenium-edge-driver\4.34.0\selenium-edge-driver-4.34.0.jar;C:\Users\mahmoud eldawakhly\.m2\repository\org\seleniumhq\selenium\selenium-firefox-driver\4.34.0\selenium-firefox-driver-4.34.0.jar;C:\Users\mahmoud eldawakhly\.m2\repository\org\seleniumhq\selenium\selenium-http\4.34.0\selenium-http-4.34.0.jar;C:\Users\mahmoud eldawakhly\.m2\repository\org\seleniumhq\selenium\selenium-ie-driver\4.34.0\selenium-ie-driver-4.34.0.jar;C:\Users\mahmoud eldawakhly\.m2\repository\org\seleniumhq\selenium\selenium-remote-driver\4.34.0\selenium-remote-driver-4.34.0.jar;C:\Users\mahmoud eldawakhly\.m2\repository\com\google\guava\guava\33.4.8-jre\guava-33.4.8-jre.jar;C:\Users\mahmoud eldawakhly\.m2\repository\com\google\guava\failureaccess\1.0.3\failureaccess-1.0.3.jar;C:\Users\mahmoud eldawakhly\.m2\repository\com\google\guava\listenablefuture\9999.0-empty-to-avoid-conflict-with-guava\listenablefuture-9999.0-empty-to-avoid-conflict-with-guava.jar;C:\Users\mahmoud eldawakhly\.m2\repository\com\google\errorprone\error_prone_annotations\2.36.0\error_prone_annotations-2.36.0.jar;C:\Users\mahmoud eldawakhly\.m2\repository\com\google\j2objc\j2objc-annotations\3.0.0\j2objc-annotations-3.0.0.jar;C:\Users\mahmoud eldawakhly\.m2\repository\io\opentelemetry\opentelemetry-api\1.51.0\opentelemetry-api-1.51.0.jar;C:\Users\mahmoud eldawakhly\.m2\repository\io\opentelemetry\opentelemetry-context\1.51.0\opentelemetry-context-1.51.0.jar;C:\Users\mahmoud eldawakhly\.m2\repository\io\opentelemetry\opentelemetry-exporter-logging\1.51.0\opentelemetry-exporter-logging-1.51.0.jar;C:\Users\mahmoud eldawakhly\.m2\repository\io\opentelemetry\opentelemetry-sdk-common\1.51.0\opentelemetry-sdk-common-1.51.0.jar;C:\Users\mahmoud eldawakhly\.m2\repository\io\opentelemetry\opentelemetry-sdk-extension-autoconfigure-spi\1.51.0\opentelemetry-sdk-extension-autoconfigure-spi-1.51.0.jar;C:\Users\mahmoud eldawakhly\.m2\repository\io\opentelemetry\opentelemetry-sdk-extension-autoconfigure\1.51.0\opentelemetry-sdk-extension-autoconfigure-1.51.0.jar;C:\Users\mahmoud eldawakhly\.m2\repository\io\opentelemetry\opentelemetry-sdk-trace\1.51.0\opentelemetry-sdk-trace-1.51.0.jar;C:\Users\mahmoud eldawakhly\.m2\repository\io\opentelemetry\opentelemetry-sdk\1.51.0\opentelemetry-sdk-1.51.0.jar;C:\Users\mahmoud eldawakhly\.m2\repository\io\opentelemetry\opentelemetry-sdk-metrics\1.51.0\opentelemetry-sdk-metrics-1.51.0.jar;C:\Users\mahmoud eldawakhly\.m2\repository\io\opentelemetry\opentelemetry-sdk-logs\1.51.0\opentelemetry-sdk-logs-1.51.0.jar;C:\Users\mahmoud eldawakhly\.m2\repository\net\bytebuddy\byte-buddy\1.17.6\byte-buddy-1.17.6.jar;C:\Users\mahmoud eldawakhly\.m2\repository\org\seleniumhq\selenium\selenium-os\4.34.0\selenium-os-4.34.0.jar;C:\Users\mahmoud eldawakhly\.m2\repository\org\apache\commons\commons-exec\1.5.0\commons-exec-1.5.0.jar;C:\Users\mahmoud eldawakhly\.m2\repository\org\seleniumhq\selenium\selenium-safari-driver\4.34.0\selenium-safari-driver-4.34.0.jar;C:\Users\mahmoud eldawakhly\.m2\repository\org\seleniumhq\selenium\selenium-support\4.34.0\selenium-support-4.34.0.jar;C:\Users\mahmoud eldawakhly\.m2\repository\org\testng\testng\7.11.0\testng-7.11.0.jar;C:\Users\mahmoud eldawakhly\.m2\repository\org\slf4j\slf4j-api\2.0.16\slf4j-api-2.0.16.jar;C:\Users\mahmoud eldawakhly\.m2\repository\org\jcommander\jcommander\1.83\jcommander-1.83.jar;C:\Users\mahmoud eldawakhly\.m2\repository\org\webjars\jquery\3.7.1\jquery-3.7.1.jar;"/>
    <property name="java.vm.vendor" value="Azul Systems, Inc."/>
    <property name="sun.arch.data.model" value="64"/>
    <property name="user.variant" value=""/>
    <property name="java.vendor.url" value="http://www.azul.com/"/>
    <property name="user.timezone" value="Africa/Cairo"/>
    <property name="user.country.format" value="AS"/>
    <property name="os.name" value="Windows 11"/>
    <property name="java.vm.specification.version" value="24"/>
    <property name="user.country" value="US"/>
    <property name="sun.java.launcher" value="SUN_STANDARD"/>
    <property name="sun.boot.library.path" value="D:\Downloads\Apache NetBeans\jdk\bin"/>
    <property name="sun.java.command" value="C:\Users\mahmoud eldawakhly\AppData\Local\Temp\surefire15885250368763985333\surefirebooter-20250914051205796_3.jar C:\Users\mahmoud eldawakhly\AppData\Local\Temp\surefire15885250368763985333 2025-09-14T05-12-05_695-jvmRun1 surefire-20250914051205796_1tmp surefire_0-20250914051205796_2tmp"/>
    <property name="jdk.debug" value="release"/>
    <property name="surefire.test.class.path" value="D:\Courses &amp; Trainings\Software Testing Diploma\Projects\Ex1\target\test-classes;D:\Courses &amp; Trainings\Software Testing Diploma\Projects\Ex1\target\classes;C:\Users\mahmoud eldawakhly\.m2\repository\org\seleniumhq\selenium\selenium-java\4.34.0\selenium-java-4.34.0.jar;C:\Users\mahmoud eldawakhly\.m2\repository\org\seleniumhq\selenium\selenium-api\4.34.0\selenium-api-4.34.0.jar;C:\Users\mahmoud eldawakhly\.m2\repository\org\jspecify\jspecify\1.0.0\jspecify-1.0.0.jar;C:\Users\mahmoud eldawakhly\.m2\repository\org\seleniumhq\selenium\selenium-chrome-driver\4.34.0\selenium-chrome-driver-4.34.0.jar;C:\Users\mahmoud eldawakhly\.m2\repository\com\google\auto\service\auto-service-annotations\1.1.1\auto-service-annotations-1.1.1.jar;C:\Users\mahmoud eldawakhly\.m2\repository\org\seleniumhq\selenium\selenium-chromium-driver\4.34.0\selenium-chromium-driver-4.34.0.jar;C:\Users\mahmoud eldawakhly\.m2\repository\org\seleniumhq\selenium\selenium-json\4.34.0\selenium-json-4.34.0.jar;C:\Users\mahmoud eldawakhly\.m2\repository\org\seleniumhq\selenium\selenium-manager\4.34.0\selenium-manager-4.34.0.jar;C:\Users\mahmoud eldawakhly\.m2\repository\org\seleniumhq\selenium\selenium-devtools-v136\4.34.0\selenium-devtools-v136-4.34.0.jar;C:\Users\mahmoud eldawakhly\.m2\repository\org\seleniumhq\selenium\selenium-devtools-v137\4.34.0\selenium-devtools-v137-4.34.0.jar;C:\Users\mahmoud eldawakhly\.m2\repository\org\seleniumhq\selenium\selenium-devtools-v138\4.34.0\selenium-devtools-v138-4.34.0.jar;C:\Users\mahmoud eldawakhly\.m2\repository\org\seleniumhq\selenium\selenium-edge-driver\4.34.0\selenium-edge-driver-4.34.0.jar;C:\Users\mahmoud eldawakhly\.m2\repository\org\seleniumhq\selenium\selenium-firefox-driver\4.34.0\selenium-firefox-driver-4.34.0.jar;C:\Users\mahmoud eldawakhly\.m2\repository\org\seleniumhq\selenium\selenium-http\4.34.0\selenium-http-4.34.0.jar;C:\Users\mahmoud eldawakhly\.m2\repository\org\seleniumhq\selenium\selenium-ie-driver\4.34.0\selenium-ie-driver-4.34.0.jar;C:\Users\mahmoud eldawakhly\.m2\repository\org\seleniumhq\selenium\selenium-remote-driver\4.34.0\selenium-remote-driver-4.34.0.jar;C:\Users\mahmoud eldawakhly\.m2\repository\com\google\guava\guava\33.4.8-jre\guava-33.4.8-jre.jar;C:\Users\mahmoud eldawakhly\.m2\repository\com\google\guava\failureaccess\1.0.3\failureaccess-1.0.3.jar;C:\Users\mahmoud eldawakhly\.m2\repository\com\google\guava\listenablefuture\9999.0-empty-to-avoid-conflict-with-guava\listenablefuture-9999.0-empty-to-avoid-conflict-with-guava.jar;C:\Users\mahmoud eldawakhly\.m2\repository\com\google\errorprone\error_prone_annotations\2.36.0\error_prone_annotations-2.36.0.jar;C:\Users\mahmoud eldawakhly\.m2\repository\com\google\j2objc\j2objc-annotations\3.0.0\j2objc-annotations-3.0.0.jar;C:\Users\mahmoud eldawakhly\.m2\repository\io\opentelemetry\opentelemetry-api\1.51.0\opentelemetry-api-1.51.0.jar;C:\Users\mahmoud eldawakhly\.m2\repository\io\opentelemetry\opentelemetry-context\1.51.0\opentelemetry-context-1.51.0.jar;C:\Users\mahmoud eldawakhly\.m2\repository\io\opentelemetry\opentelemetry-exporter-logging\1.51.0\opentelemetry-exporter-logging-1.51.0.jar;C:\Users\mahmoud eldawakhly\.m2\repository\io\opentelemetry\opentelemetry-sdk-common\1.51.0\opentelemetry-sdk-common-1.51.0.jar;C:\Users\mahmoud eldawakhly\.m2\repository\io\opentelemetry\opentelemetry-sdk-extension-autoconfigure-spi\1.51.0\opentelemetry-sdk-extension-autoconfigure-spi-1.51.0.jar;C:\Users\mahmoud eldawakhly\.m2\repository\io\opentelemetry\opentelemetry-sdk-extension-autoconfigure\1.51.0\opentelemetry-sdk-extension-autoconfigure-1.51.0.jar;C:\Users\mahmoud eldawakhly\.m2\repository\io\opentelemetry\opentelemetry-sdk-trace\1.51.0\opentelemetry-sdk-trace-1.51.0.jar;C:\Users\mahmoud eldawakhly\.m2\repository\io\opentelemetry\opentelemetry-sdk\1.51.0\opentelemetry-sdk-1.51.0.jar;C:\Users\mahmoud eldawakhly\.m2\repository\io\opentelemetry\opentelemetry-sdk-metrics\1.51.0\opentelemetry-sdk-metrics-1.51.0.jar;C:\Users\mahmoud eldawakhly\.m2\repository\io\opentelemetry\opentelemetry-sdk-logs\1.51.0\opentelemetry-sdk-logs-1.51.0.jar;C:\Users\mahmoud eldawakhly\.m2\repository\net\bytebuddy\byte-buddy\1.17.6\byte-buddy-1.17.6.jar;C:\Users\mahmoud eldawakhly\.m2\repository\org\seleniumhq\selenium\selenium-os\4.34.0\selenium-os-4.34.0.jar;C:\Users\mahmoud eldawakhly\.m2\repository\org\apache\commons\commons-exec\1.5.0\commons-exec-1.5.0.jar;C:\Users\mahmoud eldawakhly\.m2\repository\org\seleniumhq\selenium\selenium-safari-driver\4.34.0\selenium-safari-driver-4.34.0.jar;C:\Users\mahmoud eldawakhly\.m2\repository\org\seleniumhq\selenium\selenium-support\4.34.0\selenium-support-4.34.0.jar;C:\Users\mahmoud eldawakhly\.m2\repository\org\testng\testng\7.11.0\testng-7.11.0.jar;C:\Users\mahmoud eldawakhly\.m2\repository\org\slf4j\slf4j-api\2.0.16\slf4j-api-2.0.16.jar;C:\Users\mahmoud eldawakhly\.m2\repository\org\jcommander\jcommander\1.83\jcommander-1.83.jar;C:\Users\mahmoud eldawakhly\.m2\repository\org\webjars\jquery\3.7.1\jquery-3.7.1.jar;"/>
    <property name="sun.cpu.endian" value="little"/>
    <property name="user.home" value="C:\Users\mahmoud eldawakhly"/>
    <property name="user.language" value="en"/>
    <property name="java.specification.vendor" value="Oracle Corporation"/>
    <property name="java.version.date" value="2025-04-15"/>
    <property name="java.home" value="D:\Downloads\Apache NetBeans\jdk"/>
    <property name="file.separator" value="\"/>
    <property name="basedir" value="D:\Courses &amp; Trainings\Software Testing Diploma\Projects\Ex1"/>
    <property name="java.vm.compressedOopsMode" value="Zero based"/>
    <property name="line.separator" value="&#10;"/>
    <property name="java.vm.specification.vendor" value="Oracle Corporation"/>
    <property name="java.specification.name" value="Java Platform API Specification"/>
    <property name="surefire.real.class.path" value="C:\Users\mahmoud eldawakhly\AppData\Local\Temp\surefire15885250368763985333\surefirebooter-20250914051205796_3.jar"/>
    <property name="user.script" value=""/>
    <property name="sun.management.compiler" value="HotSpot 64-Bit Tiered Compilers"/>
    <property name="java.runtime.version" value="24.0.1+9"/>
    <property name="user.name" value="mahmoud eldawakhly"/>
    <property name="stdout.encoding" value="Cp1252"/>
    <property name="path.separator" value=";"/>
    <property name="os.version" value="10.0"/>
    <property name="java.runtime.name" value="OpenJDK Runtime Environment"/>
    <property name="file.encoding" value="UTF-8"/>
    <property name="java.vm.name" value="OpenJDK 64-Bit Server VM"/>
    <property name="java.vendor.version" value="Zulu24.30+11-CA"/>
    <property name="maven.ext.class.path" value="D:\Downloads\Apache NetBeans\java\maven-nblib\netbeans-eventspy.jar"/>
    <property name="localRepository" value="C:\Users\mahmoud eldawakhly\.m2\repository"/>
    <property name="java.vendor.url.bug" value="http://www.azul.com/support/"/>
    <property name="java.io.tmpdir" value="C:\Users\MAHMOU~1\AppData\Local\Temp\"/>
    <property name="java.version" value="24.0.1"/>
    <property name="user.dir" value="D:\Courses &amp; Trainings\Software Testing Diploma\Projects\Ex1"/>
    <property name="os.arch" value="amd64"/>
    <property name="java.vm.specification.name" value="Java Virtual Machine Specification"/>
    <property name="sun.os.patch.level" value=""/>
    <property name="native.encoding" value="Cp1252"/>
    <property name="java.library.path" value="D:\Downloads\Apache NetBeans\jdk\bin;C:\WINDOWS\Sun\Java\bin;C:\WINDOWS\system32;C:\WINDOWS;C:\Program Files\Common Files\Siemens\Automation\Simatic OAM\bin;C:\WinAVR-20100110\bin;C:\WinAVR-20100110\utils\bin;C:\Program Files (x86)\Common Files\Oracle\Java\java8path;C:\Program Files (x86)\Common Files\Oracle\Java\javapath;C:\Windows\system32;C:\Windows;C:\Windows\System32\Wbem;C:\Windows\System32\WindowsPowerShell\v1.0\;C:\Windows\System32\OpenSSH\;C:\Program Files (x86)\NVIDIA Corporation\PhysX\Common;C:\Program Files\NVIDIA Corporation\NVIDIA NvDLISR;C:\WINDOWS\system32;C:\WINDOWS;C:\WINDOWS\System32\Wbem;C:\WINDOWS\System32\WindowsPowerShell\v1.0\;C:\WINDOWS\System32\OpenSSH\;C:\Program Files\dotnet\;C:\MinGW\bin;C:\Program Files\PuTTY\;C:\Program Files\MATLAB\R2024a\runtime\win64;C:\Program Files\MATLAB\R2024a\bin;C:\Program Files (x86)\Git\cmd;C:\Program Files\Microsoft SQL Server\Client SDK\ODBC\170\Tools\Binn\;C:\Program Files (x86)\Microsoft SQL Server\150\Tools\Binn\;C:\Program Files\Microsoft SQL Server\150\Tools\Binn\;C:\Program Files\Microsoft SQL Server\150\DTS\Binn\;C:\Program Files (x86)\Windows Kits\8.1\Windows Performance Toolkit\;C:\ARM_TOOLCHAIN\bin;C:\cygwin64\bin;C:\Program Files\usbipd-win\;C:\Program Files\usbipd-win\;C:\Program Files (x86)\Windows Kits\10\Windows Performance Toolkit\;C:\Program Files\Common Files\Autodesk Shared\Advance\;C:\Program Files (x86)\Common Files\Autodesk Shared\Advance\;C:\Users\mahmoud eldawakhly\AppData\Local\Programs\Python\Python313\Scripts\;C:\Users\mahmoud eldawakhly\AppData\Local\Programs\Python\Python313\;C:\Users\mahmoud eldawakhly\AppData\Local\Programs\Python\Launcher\;C:\Program Files (x86)\GNU Arm Embedded Toolchain\10 2021.10\bin;C:\Users\mahmoud eldawakhly\AppData\Local\Microsoft\WindowsApps;C:\Users\mahmoud eldawakhly\Downloads\Microsoft VS Code\bin;C:\Users\mahmoud eldawakhly\AppData\Local\GitHubDesktop\bin;C:\MinGW\binC:\MinGW\bin;;."/>
    <property name="java.vm.info" value="mixed mode, sharing"/>
    <property name="stderr.encoding" value="Cp1252"/>
    <property name="java.vendor" value="Azul Systems, Inc."/>
    <property name="java.vm.version" value="24.0.1+9"/>
    <property name="sun.io.unicode.encoding" value="UnicodeLittle"/>
    <property name="java.class.version" value="68.0"/>
  </properties>
  <testcase name="testPlaceOrderRegisterWhileCheckout" classname="testCases.PlaceOrderRegisterWhileCheckoutTest" time="33.91">
    <system-out><![CDATA[Browser Initialized.
Set Implicit Wait to 15 seconds.
Navigated to URL: http://automationexercise.com
Page title is 'Automation Exercise'
Explicit wait for presence of By.cssSelector: a[href='/products']
Clicked element By.cssSelector: a[href='/products']
Clicked Products button
Explicit wait for presence of By.cssSelector: a[href*='/product_details/1']
Clicked element with JavaScript: By.cssSelector: a[href*='/product_details/1']
Explicit wait for presence of By.id: quantity
Explicit wait for presence of By.cssSelector: button.cart
Clicked element By.cssSelector: button.cart
Explicit wait for presence of By.xpath: //u[contains(text(),'View Cart')]
Clicked element By.xpath: //u[contains(text(),'View Cart')]
Explicit wait for presence of By.cssSelector: #cart_info_table tbody tr:nth-of-type(1) td.cart_quantity button
Got text from element By.cssSelector: #cart_info_table tbody tr:nth-of-type(1) td.cart_quantity button: 2
Explicit wait for presence of By.cssSelector: a.check_out
Clicked element By.cssSelector: a.check_out
Explicit wait for presence of By.xpath: //u[contains(text(),'Register / Login')]
Clicked element By.xpath: //u[contains(text(),'Register / Login')]
Explicit wait for presence of By.cssSelector: input[data-qa='signup-name']
Sent keys to element By.cssSelector: input[data-qa='signup-name']
Explicit wait for presence of By.cssSelector: input[data-qa='signup-email']
Sent keys to element By.cssSelector: input[data-qa='signup-email']
Explicit wait for presence of By.cssSelector: button[data-qa='signup-button']
Clicked element By.cssSelector: button[data-qa='signup-button']
Explicit wait for presence of By.cssSelector: h2.title
Got text from element By.cssSelector: h2.title: ENTER ACCOUNT INFORMATION
Explicit wait for presence of By.cssSelector: input#id_gender1
Clicked element By.cssSelector: input#id_gender1
Explicit wait for presence of By.cssSelector: input[data-qa='password']
Sent keys to element By.cssSelector: input[data-qa='password']
Explicit wait for presence of By.cssSelector: select#days
Selected dropdown value by value: 10
Explicit wait for presence of By.cssSelector: select#months
Selected dropdown value by value: 5
Explicit wait for presence of By.cssSelector: select#years
Selected dropdown value by value: 1995
Explicit wait for presence of By.cssSelector: input#newsletter
Edges: Checked the checkbox By.cssSelector: input#newsletter
Explicit wait for presence of By.cssSelector: input#optin
Edges: Checked the checkbox By.cssSelector: input#optin
Explicit wait for presence of By.cssSelector: input[data-qa='first_name']
Sent keys to element By.cssSelector: input[data-qa='first_name']
Explicit wait for presence of By.cssSelector: input[data-qa='last_name']
Sent keys to element By.cssSelector: input[data-qa='last_name']
Explicit wait for presence of By.cssSelector: input[data-qa='company']
Sent keys to element By.cssSelector: input[data-qa='company']
Explicit wait for presence of By.cssSelector: input[data-qa='address']
Sent keys to element By.cssSelector: input[data-qa='address']
Explicit wait for presence of By.cssSelector: input[data-qa='address2']
Sent keys to element By.cssSelector: input[data-qa='address2']
Explicit wait for presence of By.cssSelector: select[data-qa='country']
Selected dropdown value by visible text: United States
Explicit wait for presence of By.cssSelector: input[data-qa='state']
Sent keys to element By.cssSelector: input[data-qa='state']
Explicit wait for presence of By.cssSelector: input[data-qa='city']
Sent keys to element By.cssSelector: input[data-qa='city']
Explicit wait for presence of By.cssSelector: input[data-qa='zipcode']
Sent keys to element By.cssSelector: input[data-qa='zipcode']
Explicit wait for presence of By.cssSelector: input[data-qa='mobile_number']
Sent keys to element By.cssSelector: input[data-qa='mobile_number']
Explicit wait for presence of By.cssSelector: button[data-qa='create-account']
Clicked element By.cssSelector: button[data-qa='create-account']
Explicit wait for presence of By.cssSelector: h2[data-qa='account-created']
Got text from element By.cssSelector: h2[data-qa='account-created']: ACCOUNT CREATED!
Explicit wait for presence of By.cssSelector: a[data-qa='continue-button']
Clicked element By.cssSelector: a[data-qa='continue-button']
Explicit wait for presence of By.cssSelector: a:has(> i.fa-user)
Got text from element By.cssSelector: a:has(> i.fa-user): Logged in as Order User
Explicit wait for presence of By.cssSelector: a[href='/view_cart']
Clicked element By.cssSelector: a[href='/view_cart']
Clicked Cart button
Explicit wait for presence of By.cssSelector: a.check_out
Clicked element By.cssSelector: a.check_out
Explicit wait for presence of By.cssSelector: #address_delivery
Explicit wait for presence of By.cssSelector: #cart_info
Explicit wait for presence of By.name: message
Sent keys to element By.name: message
Explicit wait for presence of By.cssSelector: a.check_out
Clicked element By.cssSelector: a.check_out
Explicit wait for presence of By.name: name_on_card
Sent keys to element By.name: name_on_card
Explicit wait for presence of By.name: card_number
Sent keys to element By.name: card_number
Explicit wait for presence of By.name: cvc
Sent keys to element By.name: cvc
Explicit wait for presence of By.name: expiry_month
Sent keys to element By.name: expiry_month
Explicit wait for presence of By.name: expiry_year
Sent keys to element By.name: expiry_year
Explicit wait for presence of By.id: submit
Normal click failed, trying JavaScript click...
Explicit wait for presence of By.xpath: //*[contains(text(),'ORDER PLACED') or contains(text(),'Your order has been confirmed')]
Got text from element By.xpath: //*[contains(text(),'ORDER PLACED') or contains(text(),'Your order has been confirmed')]: Congratulations! Your order has been confirmed!
Explicit wait for presence of By.cssSelector: a[href='/delete_account']
Clicked element By.cssSelector: a[href='/delete_account']
Explicit wait for presence of By.cssSelector: h2[data-qa='account-deleted']
Got text from element By.cssSelector: h2[data-qa='account-deleted']: ACCOUNT DELETED!
Explicit wait for presence of By.cssSelector: a[data-qa='continue-button']
Clicked element By.cssSelector: a[data-qa='continue-button']
]]></system-out>
    <system-err><![CDATA[SLF4J(W): No SLF4J providers were found.
SLF4J(W): Defaulting to no-operation (NOP) logger implementation
SLF4J(W): See https://www.slf4j.org/codes.html#noProviders for further details.
Sep 14, 2025 5:12:07 AM org.openqa.selenium.devtools.CdpVersionFinder findNearestMatch
WARNING: Unable to find an exact match for CDP version 140, returning the closest version; found: 138; Please update to a Selenium version that supports CDP version 140
]]></system-err>
  </testcase>
</testsuite>