<?xml version="1.0" encoding="UTF-8"?>
<!-- Generated by org.testng.reporters.JUnitReportReporter -->
<testsuite hostname="Mahmouuudd" failures="0" tests="1" name="testCases.AddReviewOnProductTest" time="22.969" errors="0" timestamp="2025-09-14T20:29:57 EEST" skipped="0">
  <testcase classname="testCases.AddReviewOnProductTest" name="testAddReviewOnProduct" time="22.969"/>
</testsuite> <!-- testCases.AddReviewOnProductTest -->
