<?xml version="1.0" encoding="UTF-8"?>
<!-- Generated by org.testng.reporters.JUnitReportReporter -->
<testsuite hostname="Mahmouuudd" failures="0" tests="2" name="testCases.RegisterUserTest" time="59.997" errors="0" timestamp="2025-09-12T03:55:21 EEST" skipped="0">
  <testcase classname="testCases.RegisterUserTest" name="testRegisterUser" time="29.450"/>
  <testcase classname="testCases.RegisterUserTest" name="testRegisterUser" time="30.547"/>
</testsuite> <!-- testCases.RegisterUserTest -->
