<?xml version="1.0" encoding="UTF-8"?>
<!-- Generated by org.testng.reporters.JUnitReportReporter -->
<testsuite hostname="Mahmouuudd" failures="0" tests="1" name="testCases.LoginUserIncorrectTest" time="13.596" errors="0" timestamp="2025-09-13T23:48:48 EEST" skipped="0">
  <testcase classname="testCases.LoginUserIncorrectTest" name="testLoginUserWithIncorrectCredentials" time="13.596"/>
</testsuite> <!-- testCases.LoginUserIncorrectTest -->
