<?xml version="1.0" encoding="UTF-8"?>
<!-- Generated by org.testng.reporters.JUnitReportReporter -->
<testsuite hostname="Mahmouuudd" failures="0" tests="1" name="testCases.LoginUserTest" time="22.975" errors="0" timestamp="2025-09-14T03:53:54 EEST" skipped="0">
  <testcase classname="testCases.LoginUserTest" name="testLoginUserWithCorrectCredentials" time="22.975"/>
</testsuite> <!-- testCases.LoginUserTest -->
