<?xml version="1.0" encoding="UTF-8"?>
<!-- Generated by org.testng.reporters.JUnitReportReporter -->
<testsuite hostname="Mahmouuudd" failures="0" tests="1" name="Test1" time="0.010" errors="0" timestamp="2025-08-23T02:52:08 EEST" skipped="0">
  <testcase classname="Test1" name="testAddition" time="0.010"/>
</testsuite> <!-- Test1 -->
