<?xml version="1.0" encoding="UTF-8"?>
<!-- Generated by org.testng.reporters.JUnitReportReporter -->
<testsuite hostname="Mahmouuudd" failures="0" tests="1" name="testCases.RemoveProductsFromCartTest" time="13.696" errors="0" timestamp="2025-09-14T18:14:19 EEST" skipped="0">
  <testcase classname="testCases.RemoveProductsFromCartTest" name="testRemoveProductFromCart" time="13.696"/>
</testsuite> <!-- testCases.RemoveProductsFromCartTest -->
