<?xml version="1.0" encoding="UTF-8"?>
<!-- Generated by org.testng.reporters.JUnitReportReporter -->
<testsuite hostname="Mahmouuudd" failures="0" tests="1" name="testCases.ViewBrandProductsTest" time="17.091" errors="0" timestamp="2025-09-14T18:46:05 EEST" skipped="0">
  <testcase classname="testCases.ViewBrandProductsTest" name="testViewAndSwitchBrands" time="17.091"/>
</testsuite> <!-- testCases.ViewBrandProductsTest -->
