<?xml version="1.0" encoding="UTF-8"?>
<!-- Generated by org.testng.reporters.JUnitReportReporter -->
<testsuite hostname="Mahmouuudd" failures="0" tests="1" name="testCases.ContactUsTest" time="24.442" errors="0" timestamp="2025-09-14T01:52:29 EEST" skipped="0">
  <testcase classname="testCases.ContactUsTest" name="testContactUsForm" time="24.442"/>
</testsuite> <!-- testCases.ContactUsTest -->
