<?xml version="1.0" encoding="UTF-8"?>
<!-- Generated by org.testng.reporters.JUnitReportReporter -->
<testsuite hostname="Mahmouuudd" failures="0" tests="1" name="testCases.DownloadInvoiceAfterPurchaseTest" time="45.364" errors="0" timestamp="2025-09-14T22:02:43 EEST" skipped="0">
  <testcase classname="testCases.DownloadInvoiceAfterPurchaseTest" name="testDownloadInvoiceAfterPurchase" time="45.364"/>
</testsuite> <!-- testCases.DownloadInvoiceAfterPurchaseTest -->
