<?xml version="1.0" encoding="UTF-8"?>
<!-- Generated by org.testng.reporters.JUnitReportReporter -->
<testsuite hostname="Mahmouuudd" failures="0" tests="1" name="testCases.VerifyAddressDetailsInCheckoutTest" time="38.205" errors="0" timestamp="2025-09-14T21:42:42 EEST" skipped="0">
  <testcase classname="testCases.VerifyAddressDetailsInCheckoutTest" name="testVerifyAddressDetailsInCheckout" time="38.205"/>
</testsuite> <!-- testCases.VerifyAddressDetailsInCheckoutTest -->
