<?xml version="1.0" encoding="UTF-8"?>
<!-- Generated by org.testng.reporters.JUnitReportReporter -->
<testsuite hostname="Mahmouuudd" failures="0" tests="1" name="testCases.RegisterUserTest" time="35.592" errors="0" timestamp="2025-09-14T03:53:54 EEST" skipped="0">
  <testcase classname="testCases.RegisterUserTest" name="testRegisterUser" time="35.592"/>
</testsuite> <!-- testCases.RegisterUserTest -->
