<?xml version="1.0" encoding="UTF-8"?>
<!-- Generated by org.testng.reporters.JUnitReportReporter -->
<testsuite hostname="Mahmouuudd" failures="0" tests="1" name="testCases.ViewCategoryProductsTest" time="15.506" errors="0" timestamp="2025-09-14T18:33:40 EEST" skipped="0">
  <testcase classname="testCases.ViewCategoryProductsTest" name="testViewCategoryProducts" time="15.506"/>
</testsuite> <!-- testCases.ViewCategoryProductsTest -->
