<?xml version="1.0" encoding="UTF-8"?>
<!-- Generated by org.testng.reporters.JUnitReportReporter -->
<testsuite hostname="Mahmouuudd" failures="0" tests="1" name="testCases.PlaceOrderRegisterBeforeCheckoutTest" time="35.157" errors="0" timestamp="2025-09-14T06:18:40 EEST" skipped="0">
  <testcase classname="testCases.PlaceOrderRegisterBeforeCheckoutTest" name="testPlaceOrderRegisterBeforeCheckout" time="35.157"/>
</testsuite> <!-- testCases.PlaceOrderRegisterBeforeCheckoutTest -->
