<?xml version="1.0" encoding="UTF-8"?>
<!-- Generated by org.testng.reporters.JUnitReportReporter -->
<testsuite hostname="Mahmouuudd" failures="0" tests="1" name="testCases.AddToCartFromRecommendedItemsTest" time="16.784" errors="0" timestamp="2025-09-14T21:22:08 EEST" skipped="0">
  <testcase classname="testCases.AddToCartFromRecommendedItemsTest" name="testAddToCartFromRecommendedItems" time="16.784"/>
</testsuite> <!-- testCases.AddToCartFromRecommendedItemsTest -->
