<?xml version="1.0" encoding="UTF-8"?>
<!-- Generated by org.testng.reporters.JUnitReportReporter -->
<testsuite hostname="Mahmouuudd" failures="0" tests="1" name="testCases.VerifyScrollUpWithArrowTest" time="8.565" errors="0" timestamp="2025-09-14T22:30:01 EEST" skipped="0">
  <testcase classname="testCases.VerifyScrollUpWithArrowTest" name="testVerifyScrollUpUsingArrowAndScrollDown" time="8.565"/>
</testsuite> <!-- testCases.VerifyScrollUpWithArrowTest -->
