<?xml version="1.0" encoding="UTF-8"?>
<!-- Generated by org.testng.reporters.JUnitReportReporter -->
<testsuite hostname="Mahmouuudd" failures="0" tests="1" name="testCases.PlaceOrderLoginBeforeCheckoutTest" time="58.280" errors="0" timestamp="2025-09-14T06:29:18 EEST" skipped="0">
  <testcase classname="testCases.PlaceOrderLoginBeforeCheckoutTest" name="testPlaceOrderLoginBeforeCheckout" time="58.280"/>
</testsuite> <!-- testCases.PlaceOrderLoginBeforeCheckoutTest -->
