<?xml version="1.0" encoding="UTF-8"?>
<!-- Generated by org.testng.reporters.JUnitReportReporter -->
<testsuite hostname="Mahmouuudd" failures="0" tests="3" name="HelloTestNG" time="0.007" errors="0" timestamp="2025-08-29T14:50:21 EEST" skipped="0">
  <testcase classname="HelloTestNG" name="printMessage" time="0.003"/>
  <testcase classname="HelloTestNG" name="testSum" time="0.003"/>
  <testcase classname="HelloTestNG" name="testString" time="0.001"/>
</testsuite> <!-- HelloTestNG -->
