<?xml version="1.0" encoding="UTF-8"?>
<!-- Generated by org.testng.reporters.JUnitReportReporter -->
<testsuite hostname="Mahmouuudd" failures="0" tests="1" name="testCases.LogoutUserTest" time="19.694" errors="0" timestamp="2025-09-14T03:53:55 EEST" skipped="0">
  <testcase classname="testCases.LogoutUserTest" name="testLogoutUser" time="19.694"/>
</testsuite> <!-- testCases.LogoutUserTest -->
