<?xml version="1.0" encoding="UTF-8"?>
<!-- Generated by org.testng.reporters.JUnitReportReporter -->
<testsuite hostname="Mahmouuudd" failures="0" tests="1" name="testCases.PlaceOrderRegisterWhileCheckoutTest" time="35.311" errors="0" timestamp="2025-09-14T05:12:41 EEST" skipped="0">
  <testcase classname="testCases.PlaceOrderRegisterWhileCheckoutTest" name="testPlaceOrderRegisterWhileCheckout" time="35.311"/>
</testsuite> <!-- testCases.PlaceOrderRegisterWhileCheckoutTest -->
