<?xml version="1.0" encoding="UTF-8"?>
<!-- Generated by org.testng.reporters.JUnitReportReporter -->
<testsuite hostname="Mahmouuudd" failures="0" tests="2" name="testCases.RegisterUserTest" time="67.056" errors="0" timestamp="2025-09-12T03:44:22 EEST" skipped="0">
  <testcase classname="testCases.RegisterUserTest" name="testRegisterUser" time="38.040"/>
  <testcase classname="testCases.RegisterUserTest" name="testRegisterUser" time="29.016"/>
</testsuite> <!-- testCases.RegisterUserTest -->
