<?xml version="1.0" encoding="UTF-8"?>
<!-- Generated by org.testng.reporters.JUnitReportReporter -->
<testsuite hostname="Mahmouuudd" failures="0" tests="1" name="testCases.VerifySubscriptionInCartPageTest" time="8.800" errors="0" timestamp="2025-09-14T03:16:00 EEST" skipped="0">
  <testcase classname="testCases.VerifySubscriptionInCartPageTest" name="testVerifySubscriptionInCartPage" time="8.800"/>
</testsuite> <!-- testCases.VerifySubscriptionInCartPageTest -->
