<?xml version="1.0" encoding="UTF-8"?>
<!-- Generated by org.testng.reporters.JUnitReportReporter -->
<testsuite hostname="Mahmouuudd" failures="0" tests="1" name="testCases.VerifyScrollUpWithoutArrowTest" time="11.181" errors="0" timestamp="2025-09-14T22:40:52 EEST" skipped="0">
  <testcase classname="testCases.VerifyScrollUpWithoutArrowTest" name="testScrollUpWithoutArrow" time="11.181"/>
</testsuite> <!-- testCases.VerifyScrollUpWithoutArrowTest -->
