<?xml version="1.0" encoding="UTF-8"?>
<!-- Generated by org.testng.reporters.JUnitReportReporter -->
<testsuite hostname="Mahmouuudd" failures="0" tests="3" name="packageOne_testng.ClassTwo" time="0.003" errors="0" timestamp="2025-09-12T03:44:22 EEST" skipped="0">
  <testcase classname="packageOne_testng.ClassTwo" name="method6" time="0.001"/>
  <testcase classname="packageOne_testng.ClassTwo" name="method4" time="0.001"/>
  <testcase classname="packageOne_testng.ClassTwo" name="method5" time="0.001"/>
</testsuite> <!-- packageOne_testng.ClassTwo -->
