<?xml version="1.0" encoding="UTF-8"?>
<!-- Generated by org.testng.reporters.JUnitReportReporter -->
<testsuite hostname="Mahmouuudd" failures="0" tests="1" name="testCases.VerifySubscriptionInHomePageTest" time="7.582" errors="0" timestamp="2025-09-14T02:53:43 EEST" skipped="0">
  <testcase classname="testCases.VerifySubscriptionInHomePageTest" name="testVerifySubscriptionInHomePage" time="7.582"/>
</testsuite> <!-- testCases.VerifySubscriptionInHomePageTest -->
