<?xml version="1.0" encoding="UTF-8"?>
<!-- Generated by org.testng.reporters.JUnitReportReporter -->
<testsuite hostname="Mahmouuudd" failures="0" tests="3" name="packageTwo_testng.ClassFive" time="0.001" errors="0" timestamp="2025-09-12T03:55:21 EEST" skipped="0">
  <testcase classname="packageTwo_testng.ClassFive" name="method14" time="0.000"/>
  <testcase classname="packageTwo_testng.ClassFive" name="method15" time="0.000"/>
  <testcase classname="packageTwo_testng.ClassFive" name="method13" time="0.001"/>
</testsuite> <!-- packageTwo_testng.ClassFive -->
