<?xml version="1.0" encoding="UTF-8"?>
<!-- Generated by org.testng.reporters.JUnitReportReporter -->
<testsuite hostname="Mahmouuudd" failures="0" tests="1" name="testCases.RegisterUserExistingEmailTest" time="45.754" errors="0" timestamp="2025-09-14T01:10:31 EEST" skipped="0">
  <testcase classname="testCases.RegisterUserExistingEmailTest" name="testRegisterUserWithExistingEmail" time="45.754"/>
</testsuite> <!-- testCases.RegisterUserExistingEmailTest -->
