<?xml version="1.0" encoding="UTF-8"?>
<!-- Generated by org.testng.reporters.JUnitReportReporter -->
<testsuite hostname="Mahmouuudd" failures="0" tests="3" name="packageOne_testng.ClassThree" time="0.003" errors="0" timestamp="2025-09-12T05:16:49 EEST" skipped="0">
  <testcase classname="packageOne_testng.ClassThree" name="method7" time="0.001"/>
  <testcase classname="packageOne_testng.ClassThree" name="method9" time="0.001"/>
  <testcase classname="packageOne_testng.ClassThree" name="method8" time="0.001"/>
</testsuite> <!-- packageOne_testng.ClassThree -->
