<?xml version="1.0" encoding="UTF-8"?>
<!-- Generated by org.testng.reporters.JUnitReportReporter -->
<testsuite hostname="Mahmouuudd" failures="0" tests="1" name="testCases.SearchProductTest" time="16.323" errors="0" timestamp="2025-09-14T02:41:47 EEST" skipped="0">
  <testcase classname="testCases.SearchProductTest" name="testSearchProduct" time="16.323"/>
</testsuite> <!-- testCases.SearchProductTest -->
