<?xml version="1.0" encoding="UTF-8"?>
<!-- Generated by org.testng.reporters.JUnitReportReporter -->
<testsuite hostname="Mahmouuudd" failures="0" tests="1" name="testCases.VerifyAllProductsAndDetailPageTest" time="17.077" errors="0" timestamp="2025-09-14T02:02:46 EEST" skipped="0">
  <testcase classname="testCases.VerifyAllProductsAndDetailPageTest" name="testVerifyAllProductsAndDetailPage" time="17.077"/>
</testsuite> <!-- testCases.VerifyAllProductsAndDetailPageTest -->
