<?xml version="1.0" encoding="UTF-8"?>
<!-- Generated by org.testng.reporters.JUnitReportReporter -->
<testsuite hostname="Mahmouuudd" failures="0" tests="3" name="packageOne_testng.ClassOne" time="0.005" errors="0" timestamp="2025-09-12T05:16:49 EEST" skipped="0">
  <testcase classname="packageOne_testng.ClassOne" name="method3" time="0.000"/>
  <testcase classname="packageOne_testng.ClassOne" name="method2" time="0.001"/>
  <testcase classname="packageOne_testng.ClassOne" name="method1" time="0.004"/>
</testsuite> <!-- packageOne_testng.ClassOne -->
