<?xml version="1.0" encoding="UTF-8"?>
<!-- Generated by org.testng.reporters.JUnitReportReporter -->
<testsuite hostname="Mahmouuudd" failures="0" tests="3" name="packageTwo_testng.ClassSix" time="0.001" errors="0" timestamp="2025-09-12T03:55:21 EEST" skipped="0">
  <testcase classname="packageTwo_testng.ClassSix" name="method18" time="0.001"/>
  <testcase classname="packageTwo_testng.ClassSix" name="method16" time="0.000"/>
  <testcase classname="packageTwo_testng.ClassSix" name="method17" time="0.000"/>
</testsuite> <!-- packageTwo_testng.ClassSix -->
