<?xml version="1.0" encoding="UTF-8"?>
<!-- Generated by org.testng.reporters.JUnitReportReporter -->
<testsuite hostname="Mahmouuudd" failures="0" tests="1" name="testCases.SearchProductsVerifyCartAfterLoginTest" time="123.279" errors="0" timestamp="2025-09-14T19:38:17 EEST" skipped="0">
  <testcase classname="testCases.SearchProductsVerifyCartAfterLoginTest" name="testSearchProductsAndVerifyCartAfterLogin" time="123.279"/>
</testsuite> <!-- testCases.SearchProductsVerifyCartAfterLoginTest -->
