<?xml version="1.0" encoding="UTF-8"?>
<!-- Generated by org.testng.reporters.JUnitReportReporter -->
<testsuite hostname="Mahmouuudd" failures="0" tests="1" name="TestCases.LoginTest" time="0.600" errors="0" timestamp="2025-08-29T17:36:06 EEST" skipped="0">
  <testcase classname="TestCases.LoginTest" name="testLogin" time="0.600"/>
</testsuite> <!-- TestCases.LoginTest -->
