<?xml version="1.0" encoding="UTF-8"?>
<!-- Generated by org.testng.reporters.JUnitReportReporter -->
<testsuite hostname="Mahmouuudd" failures="0" tests="1" name="testCases.RegisterUserTest" time="35.761" errors="0" timestamp="2025-09-12T05:15:04 EEST" skipped="0">
  <testcase classname="testCases.RegisterUserTest" name="testRegisterUser" time="35.761"/>
</testsuite> <!-- testCases.RegisterUserTest -->
