<?xml version="1.0" encoding="UTF-8"?>
<!-- Generated by org.testng.reporters.JUnitReportReporter -->
<testsuite hostname="Mahmouuudd" failures="0" tests="1" name="testCases.VerifyTestCasesPageTest" time="11.135" errors="0" timestamp="2025-09-14T01:54:41 EEST" skipped="0">
  <testcase classname="testCases.VerifyTestCasesPageTest" name="testVerifyTestCasesPage" time="11.135"/>
</testsuite> <!-- testCases.VerifyTestCasesPageTest -->
