<?xml version="1.0" encoding="UTF-8"?>
<!-- Generated by org.testng.reporters.JUnitReportReporter -->
<testsuite hostname="Mahmouuudd" failures="0" tests="1" name="testCases.ContactUsTest" time="12.404" errors="0" timestamp="2025-09-14T01:41:23 EEST" skipped="0">
  <testcase classname="testCases.ContactUsTest" name="testContactUsForm" time="12.404"/>
</testsuite> <!-- testCases.ContactUsTest -->
