<?xml version="1.0" encoding="UTF-8"?>
<!-- Generated by org.testng.reporters.JUnitReportReporter -->
<testsuite hostname="Mahmouuudd" failures="0" tests="3" name="packageTwo_testng.ClassFour" time="0.000" errors="0" timestamp="2025-09-12T05:16:49 EEST" skipped="0">
  <testcase classname="packageTwo_testng.ClassFour" name="method10" time="0.000"/>
  <testcase classname="packageTwo_testng.ClassFour" name="method12" time="0.000"/>
  <testcase classname="packageTwo_testng.ClassFour" name="method11" time="0.000"/>
</testsuite> <!-- packageTwo_testng.ClassFour -->
