<?xml version="1.0" encoding="UTF-8"?>
<!-- Generated by org.testng.reporters.JUnitReportReporter -->
<testsuite hostname="Mahmouuudd" failures="0" tests="1" name="testCases.LoginUserIncorrectTest" time="11.241" errors="0" timestamp="2025-09-14T03:53:55 EEST" skipped="0">
  <testcase classname="testCases.LoginUserIncorrectTest" name="testLoginUserWithIncorrectCredentials" time="11.241"/>
</testsuite> <!-- testCases.LoginUserIncorrectTest -->
