<?xml version="1.0" encoding="UTF-8"?>
<!-- Generated by org.testng.reporters.JUnitReportReporter -->
<testsuite hostname="Mahmouuudd" failures="0" tests="1" name="testCases.VerifyProductQuantityInCartTest" time="17.878" errors="0" timestamp="2025-09-14T04:44:20 EEST" skipped="0">
  <testcase classname="testCases.VerifyProductQuantityInCartTest" name="testVerifyProductQuantityInCart" time="17.878"/>
</testsuite> <!-- testCases.VerifyProductQuantityInCartTest -->
